<?xml version="1.0" encoding="UTF-8"?>
<!-- Generated by org.testng.reporters.JUnitXMLReporter -->
<testsuite ignored="2" hostname="Bloopy" failures="0" tests="1" name="Test" time="5.643" errors="0" timestamp="2022-09-09T02:06:52 PDT">
  <testcase classname="testCases.BestFirstTest" name="verifyLogIn" time="1.176"/>
  <testcase classname="base.BaseTest" name="@BeforeTest setUp" time="0.0">
    <ignored/>
  </testcase> <!-- @BeforeTest setUp -->
  <testcase classname="base.BaseTest" name="@AfterTest tearDown" time="0.0">
    <ignored/>
  </testcase> <!-- @AfterTest tearDown -->
</testsuite> <!-- Test -->
